<?xml version="1.0" encoding="UTF-8"?>
<testsuite name="com.africe.backend.product.service.ArtistServiceTest" tests="3" skipped="0" failures="0" errors="0" timestamp="2026-04-04T16:05:54" hostname="LSD-GRIM" time="3.225">
  <properties/>
  <testcase name="getBySlug_found()" classname="com.africe.backend.product.service.ArtistServiceTest" time="3.15"/>
  <testcase name="listAll_returnsAllArtists()" classname="com.africe.backend.product.service.ArtistServiceTest" time="0.058"/>
  <testcase name="getBySlug_notFound_throws()" classname="com.africe.backend.product.service.ArtistServiceTest" time="0.013"/>
  <system-out><![CDATA[]]></system-out>
  <system-err><![CDATA[]]></system-err>
</testsuite>
