<?xml version="1.0" encoding="UTF-8"?>
<testsuite name="com.africe.backend.auth.service.JwtServiceTest" tests="8" skipped="0" failures="0" errors="0" timestamp="2026-04-04T17:05:37" hostname="LSD-GRIM" time="1.272">
  <properties/>
  <testcase name="extractEmail_returnsCorrectClaim()" classname="com.africe.backend.auth.service.JwtServiceTest" time="1.229"/>
  <testcase name="isTokenValid_returnsFalseForTamperedToken()" classname="com.africe.backend.auth.service.JwtServiceTest" time="0.007"/>
  <testcase name="generateAccessToken_returnsValidToken()" classname="com.africe.backend.auth.service.JwtServiceTest" time="0.005"/>
  <testcase name="extractUserId_returnsCorrectSubject()" classname="com.africe.backend.auth.service.JwtServiceTest" time="0.004"/>
  <testcase name="isTokenValid_returnsFalseForWrongSecret()" classname="com.africe.backend.auth.service.JwtServiceTest" time="0.005"/>
  <testcase name="expiredToken_isInvalid()" classname="com.africe.backend.auth.service.JwtServiceTest" time="0.008"/>
  <testcase name="isTokenValid_returnsFalseForGarbage()" classname="com.africe.backend.auth.service.JwtServiceTest" time="0.002"/>
  <testcase name="generateRefreshToken_returnsUUID()" classname="com.africe.backend.auth.service.JwtServiceTest" time="0.003"/>
  <system-out><![CDATA[]]></system-out>
  <system-err><![CDATA[]]></system-err>
</testsuite>
