<?xml version="1.0" encoding="UTF-8"?>
<testsuite name="com.africe.backend.auth.controller.AuthControllerTest" tests="5" skipped="0" failures="0" errors="0" timestamp="2026-04-04T14:38:16" hostname="LSD-GRIM" time="3.335">
  <properties/>
  <testcase name="login_wrongPassword_throws()" classname="com.africe.backend.auth.controller.AuthControllerTest" time="3.167"/>
  <testcase name="login_success()" classname="com.africe.backend.auth.controller.AuthControllerTest" time="0.103"/>
  <testcase name="login_wrongEmail_throws()" classname="com.africe.backend.auth.controller.AuthControllerTest" time="0.014"/>
  <testcase name="refresh_expiredToken_throws()" classname="com.africe.backend.auth.controller.AuthControllerTest" time="0.016"/>
  <testcase name="refresh_success()" classname="com.africe.backend.auth.controller.AuthControllerTest" time="0.018"/>
  <system-out><![CDATA[]]></system-out>
  <system-err><![CDATA[Mockito is currently self-attaching to enable the inline-mock-maker. This will no longer work in future releases of the JDK. Please add Mockito as an agent to your build what is described in Mockito's documentation: https://javadoc.io/doc/org.mockito/mockito-core/latest/org/mockito/Mockito.html#0.3
WARNING: A Java agent has been loaded dynamically (C:\Users\yevhe\.gradle\caches\modules-2\files-2.1\net.bytebuddy\byte-buddy-agent\1.15.11\a38b16385e867f59a641330f0362ebe742788ed8\byte-buddy-agent-1.15.11.jar)
WARNING: If a serviceability tool is in use, please run with -XX:+EnableDynamicAgentLoading to hide this warning
WARNING: If a serviceability tool is not in use, please run with -Djdk.instrument.traceUsage for more information
WARNING: Dynamic loading of agents will be disallowed by default in a future release
]]></system-err>
</testsuite>
