<?xml version="1.0" encoding="UTF-8"?>
<testsuite name="com.africe.backend.admin.service.DashboardServiceTest" tests="2" skipped="0" failures="0" errors="0" timestamp="2026-04-04T14:37:57" hostname="LSD-GRIM" time="0.942">
  <properties/>
  <testcase name="getStats_calculatesCorrectly()" classname="com.africe.backend.admin.service.DashboardServiceTest" time="0.931"/>
  <testcase name="getStats_emptyOrders()" classname="com.africe.backend.admin.service.DashboardServiceTest" time="0.009"/>
  <system-out><![CDATA[]]></system-out>
  <system-err><![CDATA[]]></system-err>
</testsuite>
