<?xml version="1.0" encoding="UTF-8"?>
<testsuite name="com.africe.backend.admin.service.DashboardServiceTest" tests="2" skipped="0" failures="0" errors="0" timestamp="2026-04-04T17:05:17" hostname="LSD-GRIM" time="1.126">
  <properties/>
  <testcase name="getStats_calculatesCorrectly()" classname="com.africe.backend.admin.service.DashboardServiceTest" time="1.12"/>
  <testcase name="getStats_emptyOrders()" classname="com.africe.backend.admin.service.DashboardServiceTest" time="0.004"/>
  <system-out><![CDATA[]]></system-out>
  <system-err><![CDATA[]]></system-err>
</testsuite>
