<?xml version="1.0" encoding="UTF-8"?>
<testsuite name="com.africe.backend.admin.controller.AdminOrderControllerTest" tests="4" skipped="0" failures="0" errors="0" timestamp="2026-04-04T14:37:54" hostname="LSD-GRIM" time="2.966">
  <properties/>
  <testcase name="listOrders_withStatusFilter()" classname="com.africe.backend.admin.controller.AdminOrderControllerTest" time="2.729"/>
  <testcase name="updateStatus_delegatesToService()" classname="com.africe.backend.admin.controller.AdminOrderControllerTest" time="0.185"/>
  <testcase name="listOrders_noFilters_returnsAll()" classname="com.africe.backend.admin.controller.AdminOrderControllerTest" time="0.027"/>
  <testcase name="listOrders_withSearchFilter()" classname="com.africe.backend.admin.controller.AdminOrderControllerTest" time="0.012"/>
  <system-out><![CDATA[]]></system-out>
  <system-err><![CDATA[Mockito is currently self-attaching to enable the inline-mock-maker. This will no longer work in future releases of the JDK. Please add Mockito as an agent to your build what is described in Mockito's documentation: https://javadoc.io/doc/org.mockito/mockito-core/latest/org/mockito/Mockito.html#0.3
WARNING: A Java agent has been loaded dynamically (C:\Users\yevhe\.gradle\caches\modules-2\files-2.1\net.bytebuddy\byte-buddy-agent\1.15.11\a38b16385e867f59a641330f0362ebe742788ed8\byte-buddy-agent-1.15.11.jar)
WARNING: If a serviceability tool is in use, please run with -XX:+EnableDynamicAgentLoading to hide this warning
WARNING: If a serviceability tool is not in use, please run with -Djdk.instrument.traceUsage for more information
WARNING: Dynamic loading of agents will be disallowed by default in a future release
]]></system-err>
</testsuite>
