<?xml version="1.0" encoding="UTF-8"?>
<testsuite name="com.africe.backend.notification.outbox.OutboxWorkerTest" tests="5" skipped="0" failures="0" errors="0" timestamp="2026-04-04T16:14:56" hostname="LSD-GRIM" time="3.663">
  <properties/>
  <testcase name="processOutbox_emailEvent_delegatesToEmailHandler()" classname="com.africe.backend.notification.outbox.OutboxWorkerTest" time="3.528"/>
  <testcase name="processOutbox_noEvents_doesNothing()" classname="com.africe.backend.notification.outbox.OutboxWorkerTest" time="0.015"/>
  <testcase name="processOutbox_telegramEvent_delegatesToTelegramHandler()" classname="com.africe.backend.notification.outbox.OutboxWorkerTest" time="0.015"/>
  <testcase name="processOutbox_handlerFails_incrementsRetryCount()" classname="com.africe.backend.notification.outbox.OutboxWorkerTest" time="0.076"/>
  <testcase name="processOutbox_maxRetries_marksFailed()" classname="com.africe.backend.notification.outbox.OutboxWorkerTest" time="0.013"/>
  <system-out><![CDATA[19:15:00.351 [Test worker] ERROR com.africe.backend.notification.outbox.OutboxWorker -- Failed to process outbox event e3: Telegram down
19:15:00.394 [Test worker] ERROR com.africe.backend.notification.outbox.OutboxWorker -- Failed to process outbox event e4: Still down
]]></system-out>
  <system-err><![CDATA[]]></system-err>
</testsuite>
