<?xml version="1.0" encoding="UTF-8"?>
<testsuite name="com.africe.backend.order.payment.MonobankWebhookValidatorTest" tests="3" skipped="0" failures="0" errors="0" timestamp="2026-04-04T16:05:43" hostname="LSD-GRIM" time="2.967">
  <properties/>
  <testcase name="validateSignature_validSignature_returnsTrue()" classname="com.africe.backend.order.payment.MonobankWebhookValidatorTest" time="2.903"/>
  <testcase name="validateSignature_malformedBase64_returnsFalse()" classname="com.africe.backend.order.payment.MonobankWebhookValidatorTest" time="0.039"/>
  <testcase name="validateSignature_invalidSignature_returnsFalse()" classname="com.africe.backend.order.payment.MonobankWebhookValidatorTest" time="0.014"/>
  <system-out><![CDATA[19:05:46.451 [Test worker] ERROR com.africe.backend.order.payment.MonobankWebhookValidator -- Failed to validate Monobank webhook signature: Illegal base64 character 2d
19:05:46.482 [Test worker] ERROR com.africe.backend.order.payment.MonobankWebhookValidator -- Failed to validate Monobank webhook signature: Invalid encoding for signature
]]></system-out>
  <system-err><![CDATA[]]></system-err>
</testsuite>
