<?xml version="1.0" encoding="UTF-8"?>
<testsuite name="com.africe.backend.order.service.OrderServiceTest" tests="11" skipped="0" failures="0" errors="0" timestamp="2026-04-04T16:14:47" hostname="LSD-GRIM" time="0.347">
  <properties/>
  <testcase name="checkout_productNotFound_throws()" classname="com.africe.backend.order.service.OrderServiceTest" time="0.119"/>
  <testcase name="updateStatus_shipped_requiresTrackingNumber()" classname="com.africe.backend.order.service.OrderServiceTest" time="0.009"/>
  <testcase name="checkout_variantNotFound_throws()" classname="com.africe.backend.order.service.OrderServiceTest" time="0.013"/>
  <testcase name="checkout_ONLINE_createsWaitingPaymentOrder()" classname="com.africe.backend.order.service.OrderServiceTest" time="0.113"/>
  <testcase name="checkout_COD_createsPendingOrder()" classname="com.africe.backend.order.service.OrderServiceTest" time="0.023"/>
  <testcase name="updateStatus_shipped_setsTrackingNumber()" classname="com.africe.backend.order.service.OrderServiceTest" time="0.01"/>
  <testcase name="checkout_insufficientStock_throws()" classname="com.africe.backend.order.service.OrderServiceTest" time="0.011"/>
  <testcase name="getOrder_withAccessToken()" classname="com.africe.backend.order.service.OrderServiceTest" time="0.007"/>
  <testcase name="checkout_serverSidePriceCalculation()" classname="com.africe.backend.order.service.OrderServiceTest" time="0.01"/>
  <testcase name="updateStatus_cancelled_restoresStock()" classname="com.africe.backend.order.service.OrderServiceTest" time="0.01"/>
  <testcase name="getOrder_wrongToken_throws()" classname="com.africe.backend.order.service.OrderServiceTest" time="0.008"/>
  <system-out><![CDATA[]]></system-out>
  <system-err><![CDATA[]]></system-err>
</testsuite>
